<?xml version="1.0" encoding="UTF-8"?>
<robot generator="Robot 3.0.4 (Python 3.6.5 on win32)" generated="20210224 15:18:36.452">
<suite id="s1" name="Test" source="H:\robotframework\test.robot">
<test id="s1-t1" name="test case1">
<kw name="Log" library="BuiltIn">
<doc>Logs the given message with the given level.</doc>
<arguments>
<arg>hello robot framework</arg>
</arguments>
<msg timestamp="20210224 15:18:36.488" level="INFO">hello robot framework</msg>
<status status="PASS" starttime="20210224 15:18:36.488" endtime="20210224 15:18:36.488"></status>
</kw>
<status status="PASS" starttime="20210224 15:18:36.487" endtime="20210224 15:18:36.489" critical="yes"></status>
</test>
<status status="PASS" starttime="20210224 15:18:36.455" endtime="20210224 15:18:36.490"></status>
</suite>
<statistics>
<total>
<stat pass="1" fail="0">Critical Tests</stat>
<stat pass="1" fail="0">All Tests</stat>
</total>
<tag>
</tag>
<suite>
<stat pass="1" fail="0" id="s1" name="Test">Test</stat>
</suite>
</statistics>
<errors>
</errors>
</robot>
